[INFO] Scanning for projects...
[INFO] 
[INFO] ----------------------< com.sneakpeak:streetpeak >----------------------
[INFO] Building streetpeak 0.0.1-SNAPSHOT
[INFO]   from pom.xml
[INFO] --------------------------------[ jar ]---------------------------------
[INFO] 
[INFO] >>> spring-boot:3.4.5:run (default-cli) > test-compile @ streetpeak >>>
[INFO] 
[INFO] --- resources:3.3.1:resources (default-resources) @ streetpeak ---
[INFO] Copying 2 resources from src\main\resources to target\classes
[INFO] Copying 6 resources from src\main\resources to target\classes
[INFO] 
[INFO] --- compiler:3.13.0:compile (default-compile) @ streetpeak ---
[INFO] Nothing to compile - all classes are up to date.
[INFO] 
[INFO] --- resources:3.3.1:testResources (default-testResources) @ streetpeak ---
[INFO] Copying 1 resource from src\test\resources to target\test-classes
[INFO] 
[INFO] --- compiler:3.13.0:testCompile (default-testCompile) @ streetpeak ---
[INFO] Nothing to compile - all classes are up to date.
[INFO] 
[INFO] <<< spring-boot:3.4.5:run (default-cli) < test-compile @ streetpeak <<<
[INFO] 
[INFO] 
[INFO] --- spring-boot:3.4.5:run (default-cli) @ streetpeak ---
[INFO] Attaching agents: []

  .   ____          _            __ _ _
 /\\ / ___'_ __ _ _(_)_ __  __ _ \ \ \ \
( ( )\___ | '_ | '_| | '_ \/ _` | \ \ \ \
 \\/  ___)| |_)| | | | | || (_| |  ) ) ) )
  '  |____| .__|_| |_|_| |_\__, | / / / /
 =========|_|==============|___/=/_/_/_/

 :: Spring Boot ::                (v3.4.5)

2026-05-29T14:24:23.166+05:30  INFO 36140 --- [streetpeak] [           main] c.s.streetpeak.StreetpeakApplication     : Starting StreetpeakApplication using Java 23.0.1 with PID 36140 (C:\Users\preri\OneDrive\Documents\streetpeak\target\classes started by preri in C:\Users\preri\OneDrive\Documents\streetpeak)
2026-05-29T14:24:23.180+05:30  INFO 36140 --- [streetpeak] [           main] c.s.streetpeak.StreetpeakApplication     : The following 1 profile is active: "dev"
2026-05-29T14:24:27.925+05:30  INFO 36140 --- [streetpeak] [           main] .s.d.r.c.RepositoryConfigurationDelegate : Bootstrapping Spring Data JPA repositories in DEFAULT mode.
2026-05-29T14:24:28.990+05:30  INFO 36140 --- [streetpeak] [           main] .s.d.r.c.RepositoryConfigurationDelegate : Finished Spring Data repository scanning in 1017 ms. Found 5 JPA repository interfaces.
2026-05-29T14:24:32.164+05:30  INFO 36140 --- [streetpeak] [           main] o.s.b.w.embedded.tomcat.TomcatWebServer  : Tomcat initialized with port 8080 (http)
2026-05-29T14:24:32.232+05:30  INFO 36140 --- [streetpeak] [           main] o.apache.catalina.core.StandardService   : Starting service [Tomcat]
2026-05-29T14:24:32.234+05:30  INFO 36140 --- [streetpeak] [           main] o.apache.catalina.core.StandardEngine    : Starting Servlet engine: [Apache Tomcat/10.1.40]
2026-05-29T14:24:32.570+05:30  INFO 36140 --- [streetpeak] [           main] o.a.c.c.C.[Tomcat].[localhost].[/]       : Initializing Spring embedded WebApplicationContext
2026-05-29T14:24:32.576+05:30  INFO 36140 --- [streetpeak] [           main] w.s.c.ServletWebServerApplicationContext : Root WebApplicationContext: initialization completed in 9059 ms
2026-05-29T14:24:33.235+05:30  INFO 36140 --- [streetpeak] [           main] o.hibernate.jpa.internal.util.LogHelper  : HHH000204: Processing PersistenceUnitInfo [name: default]
2026-05-29T14:24:33.548+05:30  INFO 36140 --- [streetpeak] [           main] org.hibernate.Version                    : HHH000412: Hibernate ORM core version 6.6.13.Final
2026-05-29T14:24:33.736+05:30  INFO 36140 --- [streetpeak] [           main] o.h.c.internal.RegionFactoryInitiator    : HHH000026: Second-level cache disabled
2026-05-29T14:24:35.015+05:30  INFO 36140 --- [streetpeak] [           main] o.s.o.j.p.SpringPersistenceUnitInfo      : No LoadTimeWeaver setup: ignoring JPA class transformer
2026-05-29T14:24:35.119+05:30  INFO 36140 --- [streetpeak] [           main] com.zaxxer.hikari.HikariDataSource       : HikariPool-1 - Starting...
2026-05-29T14:24:35.780+05:30  INFO 36140 --- [streetpeak] [           main] com.zaxxer.hikari.pool.HikariPool        : HikariPool-1 - Added connection conn0: url=jdbc:h2:mem:streetpeak user=SA
2026-05-29T14:24:35.787+05:30  INFO 36140 --- [streetpeak] [           main] com.zaxxer.hikari.HikariDataSource       : HikariPool-1 - Start completed.
2026-05-29T14:24:36.005+05:30  INFO 36140 --- [streetpeak] [           main] org.hibernate.orm.connections.pooling    : HHH10001005: Database info:
	Database JDBC URL [Connecting through datasource 'HikariDataSource (HikariPool-1)']
	Database driver: undefined/unknown
	Database version: 2.3.232
	Autocommit mode: undefined/unknown
	Isolation level: undefined/unknown
	Minimum pool size: undefined/unknown
	Maximum pool size: undefined/unknown
2026-05-29T14:24:39.140+05:30  INFO 36140 --- [streetpeak] [           main] o.h.e.t.j.p.i.JtaPlatformInitiator       : HHH000489: No JTA platform available (set 'hibernate.transaction.jta.platform' to enable JTA platform integration)
2026-05-29T14:24:39.381+05:30  INFO 36140 --- [streetpeak] [           main] j.LocalContainerEntityManagerFactoryBean : Initialized JPA EntityManagerFactory for persistence unit 'default'
2026-05-29T14:24:41.350+05:30  INFO 36140 --- [streetpeak] [           main] r$InitializeUserDetailsManagerConfigurer : Global AuthenticationManager configured with UserDetailsService bean with name databaseUserDetailsService
2026-05-29T14:24:44.557+05:30  INFO 36140 --- [streetpeak] [           main] o.s.b.w.embedded.tomcat.TomcatWebServer  : Tomcat started on port 8080 (http) with context path '/'
2026-05-29T14:24:44.599+05:30  INFO 36140 --- [streetpeak] [           main] c.s.streetpeak.StreetpeakApplication     : Started StreetpeakApplication in 23.557 seconds (process running for 25.064)
2026-05-29T14:24:58.990+05:30  INFO 36140 --- [streetpeak] [nio-8080-exec-1] o.a.c.c.C.[Tomcat].[localhost].[/]       : Initializing Spring DispatcherServlet 'dispatcherServlet'
2026-05-29T14:24:58.994+05:30  INFO 36140 --- [streetpeak] [nio-8080-exec-1] o.s.web.servlet.DispatcherServlet        : Initializing Servlet 'dispatcherServlet'
2026-05-29T14:24:58.997+05:30  INFO 36140 --- [streetpeak] [nio-8080-exec-1] o.s.web.servlet.DispatcherServlet        : Completed initialization in 2 ms
2026-05-29T16:53:56.368+05:30  WARN 36140 --- [streetpeak] [l-1 housekeeper] com.zaxxer.hikari.pool.HikariPool        : HikariPool-1 - Thread starvation or clock leap detected (housekeeper delta=2h23m44s57ms286µs600ns).
[INFO] ------------------------------------------------------------------------
[INFO] BUILD FAILURE
[INFO] ------------------------------------------------------------------------
[INFO] Total time:  02:53 h
[INFO] Finished at: 2026-05-29T17:17:22+05:30
[INFO] ------------------------------------------------------------------------
[ERROR] Failed to execute goal org.springframework.boot:spring-boot-maven-plugin:3.4.5:run (default-cli) on project streetpeak: Process terminated with exit code: -1 -> [Help 1]
[ERROR] 
[ERROR] To see the full stack trace of the errors, re-run Maven with the -e switch.
[ERROR] Re-run Maven using the -X switch to enable full debug logging.
[ERROR] 
[ERROR] For more information about the errors and possible solutions, please read the following articles:
[ERROR] [Help 1] http://cwiki.apache.org/confluence/display/MAVEN/MojoExecutionException
